<?xml version="1.0" encoding="UTF-8"?>
<testsuite xmlns:xsi="http://www.w3.org/2001/XMLSchema-instance" xsi:noNamespaceSchemaLocation="https://maven.apache.org/surefire/maven-surefire-plugin/xsd/surefire-test-report-3.0.xsd" version="3.0" name="com.example.demo.WebsocketStudy1ApplicationTests" time="11.77" tests="1" errors="0" skipped="0" failures="0">
  <properties>
    <property name="java.specification.version" value="21"/>
    <property name="sun.cpu.isalist" value="amd64"/>
    <property name="sun.jnu.encoding" value="Cp1252"/>
    <property name="java.class.path" value="C:\Users\DRE\Documents\WebSocketStudy\websocketStudy1\target\test-classes;C:\Users\DRE\Documents\WebSocketStudy\websocketStudy1\target\classes;C:\Users\DRE\.m2\repository\org\springframework\boot\spring-boot-starter-web\3.3.8\spring-boot-starter-web-3.3.8.jar;C:\Users\DRE\.m2\repository\org\springframework\boot\spring-boot-starter\3.3.8\spring-boot-starter-3.3.8.jar;C:\Users\DRE\.m2\repository\org\springframework\boot\spring-boot-starter-logging\3.3.8\spring-boot-starter-logging-3.3.8.jar;C:\Users\DRE\.m2\repository\ch\qos\logback\logback-classic\1.5.16\logback-classic-1.5.16.jar;C:\Users\DRE\.m2\repository\ch\qos\logback\logback-core\1.5.16\logback-core-1.5.16.jar;C:\Users\DRE\.m2\repository\org\apache\logging\log4j\log4j-to-slf4j\2.23.1\log4j-to-slf4j-2.23.1.jar;C:\Users\DRE\.m2\repository\org\apache\logging\log4j\log4j-api\2.23.1\log4j-api-2.23.1.jar;C:\Users\DRE\.m2\repository\org\slf4j\jul-to-slf4j\2.0.16\jul-to-slf4j-2.0.16.jar;C:\Users\DRE\.m2\repository\jakarta\annotation\jakarta.annotation-api\2.1.1\jakarta.annotation-api-2.1.1.jar;C:\Users\DRE\.m2\repository\org\yaml\snakeyaml\2.2\snakeyaml-2.2.jar;C:\Users\DRE\.m2\repository\org\springframework\boot\spring-boot-starter-json\3.3.8\spring-boot-starter-json-3.3.8.jar;C:\Users\DRE\.m2\repository\com\fasterxml\jackson\core\jackson-databind\2.17.3\jackson-databind-2.17.3.jar;C:\Users\DRE\.m2\repository\com\fasterxml\jackson\core\jackson-annotations\2.17.3\jackson-annotations-2.17.3.jar;C:\Users\DRE\.m2\repository\com\fasterxml\jackson\core\jackson-core\2.17.3\jackson-core-2.17.3.jar;C:\Users\DRE\.m2\repository\com\fasterxml\jackson\datatype\jackson-datatype-jdk8\2.17.3\jackson-datatype-jdk8-2.17.3.jar;C:\Users\DRE\.m2\repository\com\fasterxml\jackson\datatype\jackson-datatype-jsr310\2.17.3\jackson-datatype-jsr310-2.17.3.jar;C:\Users\DRE\.m2\repository\com\fasterxml\jackson\module\jackson-module-parameter-names\2.17.3\jackson-module-parameter-names-2.17.3.jar;C:\Users\DRE\.m2\repository\org\springframework\boot\spring-boot-starter-tomcat\3.3.8\spring-boot-starter-tomcat-3.3.8.jar;C:\Users\DRE\.m2\repository\org\apache\tomcat\embed\tomcat-embed-core\10.1.34\tomcat-embed-core-10.1.34.jar;C:\Users\DRE\.m2\repository\org\apache\tomcat\embed\tomcat-embed-el\10.1.34\tomcat-embed-el-10.1.34.jar;C:\Users\DRE\.m2\repository\org\apache\tomcat\embed\tomcat-embed-websocket\10.1.34\tomcat-embed-websocket-10.1.34.jar;C:\Users\DRE\.m2\repository\org\springframework\spring-web\6.1.16\spring-web-6.1.16.jar;C:\Users\DRE\.m2\repository\org\springframework\spring-beans\6.1.16\spring-beans-6.1.16.jar;C:\Users\DRE\.m2\repository\io\micrometer\micrometer-observation\1.13.10\micrometer-observation-1.13.10.jar;C:\Users\DRE\.m2\repository\io\micrometer\micrometer-commons\1.13.10\micrometer-commons-1.13.10.jar;C:\Users\DRE\.m2\repository\org\springframework\spring-webmvc\6.1.16\spring-webmvc-6.1.16.jar;C:\Users\DRE\.m2\repository\org\springframework\spring-aop\6.1.16\spring-aop-6.1.16.jar;C:\Users\DRE\.m2\repository\org\springframework\spring-context\6.1.16\spring-context-6.1.16.jar;C:\Users\DRE\.m2\repository\org\springframework\spring-expression\6.1.16\spring-expression-6.1.16.jar;C:\Users\DRE\.m2\repository\org\springframework\boot\spring-boot-starter-websocket\3.3.8\spring-boot-starter-websocket-3.3.8.jar;C:\Users\DRE\.m2\repository\org\springframework\spring-messaging\6.1.16\spring-messaging-6.1.16.jar;C:\Users\DRE\.m2\repository\org\springframework\spring-websocket\6.1.16\spring-websocket-6.1.16.jar;C:\Users\DRE\.m2\repository\org\springframework\boot\spring-boot-devtools\3.3.8\spring-boot-devtools-3.3.8.jar;C:\Users\DRE\.m2\repository\org\springframework\boot\spring-boot\3.3.8\spring-boot-3.3.8.jar;C:\Users\DRE\.m2\repository\org\springframework\boot\spring-boot-autoconfigure\3.3.8\spring-boot-autoconfigure-3.3.8.jar;C:\Users\DRE\.m2\repository\org\springframework\boot\spring-boot-starter-test\3.3.8\spring-boot-starter-test-3.3.8.jar;C:\Users\DRE\.m2\repository\org\springframework\boot\spring-boot-test\3.3.8\spring-boot-test-3.3.8.jar;C:\Users\DRE\.m2\repository\org\springframework\boot\spring-boot-test-autoconfigure\3.3.8\spring-boot-test-autoconfigure-3.3.8.jar;C:\Users\DRE\.m2\repository\com\jayway\jsonpath\json-path\2.9.0\json-path-2.9.0.jar;C:\Users\DRE\.m2\repository\org\slf4j\slf4j-api\2.0.16\slf4j-api-2.0.16.jar;C:\Users\DRE\.m2\repository\jakarta\xml\bind\jakarta.xml.bind-api\4.0.2\jakarta.xml.bind-api-4.0.2.jar;C:\Users\DRE\.m2\repository\jakarta\activation\jakarta.activation-api\2.1.3\jakarta.activation-api-2.1.3.jar;C:\Users\DRE\.m2\repository\net\minidev\json-smart\2.5.1\json-smart-2.5.1.jar;C:\Users\DRE\.m2\repository\net\minidev\accessors-smart\2.5.1\accessors-smart-2.5.1.jar;C:\Users\DRE\.m2\repository\org\ow2\asm\asm\9.6\asm-9.6.jar;C:\Users\DRE\.m2\repository\org\assertj\assertj-core\3.25.3\assertj-core-3.25.3.jar;C:\Users\DRE\.m2\repository\net\bytebuddy\byte-buddy\1.14.19\byte-buddy-1.14.19.jar;C:\Users\DRE\.m2\repository\org\awaitility\awaitility\4.2.2\awaitility-4.2.2.jar;C:\Users\DRE\.m2\repository\org\hamcrest\hamcrest\2.2\hamcrest-2.2.jar;C:\Users\DRE\.m2\repository\org\junit\jupiter\junit-jupiter\5.10.5\junit-jupiter-5.10.5.jar;C:\Users\DRE\.m2\repository\org\junit\jupiter\junit-jupiter-api\5.10.5\junit-jupiter-api-5.10.5.jar;C:\Users\DRE\.m2\repository\org\opentest4j\opentest4j\1.3.0\opentest4j-1.3.0.jar;C:\Users\DRE\.m2\repository\org\junit\platform\junit-platform-commons\1.10.5\junit-platform-commons-1.10.5.jar;C:\Users\DRE\.m2\repository\org\apiguardian\apiguardian-api\1.1.2\apiguardian-api-1.1.2.jar;C:\Users\DRE\.m2\repository\org\junit\jupiter\junit-jupiter-params\5.10.5\junit-jupiter-params-5.10.5.jar;C:\Users\DRE\.m2\repository\org\junit\jupiter\junit-jupiter-engine\5.10.5\junit-jupiter-engine-5.10.5.jar;C:\Users\DRE\.m2\repository\org\junit\platform\junit-platform-engine\1.10.5\junit-platform-engine-1.10.5.jar;C:\Users\DRE\.m2\repository\org\mockito\mockito-core\5.11.0\mockito-core-5.11.0.jar;C:\Users\DRE\.m2\repository\net\bytebuddy\byte-buddy-agent\1.14.19\byte-buddy-agent-1.14.19.jar;C:\Users\DRE\.m2\repository\org\objenesis\objenesis\3.3\objenesis-3.3.jar;C:\Users\DRE\.m2\repository\org\mockito\mockito-junit-jupiter\5.11.0\mockito-junit-jupiter-5.11.0.jar;C:\Users\DRE\.m2\repository\org\skyscreamer\jsonassert\1.5.3\jsonassert-1.5.3.jar;C:\Users\DRE\.m2\repository\com\vaadin\external\google\android-json\0.0.20131108.vaadin1\android-json-0.0.20131108.vaadin1.jar;C:\Users\DRE\.m2\repository\org\springframework\spring-core\6.1.16\spring-core-6.1.16.jar;C:\Users\DRE\.m2\repository\org\springframework\spring-jcl\6.1.16\spring-jcl-6.1.16.jar;C:\Users\DRE\.m2\repository\org\springframework\spring-test\6.1.16\spring-test-6.1.16.jar;C:\Users\DRE\.m2\repository\org\xmlunit\xmlunit-core\2.9.1\xmlunit-core-2.9.1.jar;"/>
    <property name="java.vm.vendor" value="Eclipse Adoptium"/>
    <property name="sun.arch.data.model" value="64"/>
    <property name="user.variant" value=""/>
    <property name="java.vendor.url" value="https://adoptium.net/"/>
    <property name="user.timezone" value="Africa/Lagos"/>
    <property name="os.name" value="Windows 10"/>
    <property name="java.vm.specification.version" value="21"/>
    <property name="sun.java.launcher" value="SUN_STANDARD"/>
    <property name="user.country" value="GB"/>
    <property name="sun.boot.library.path" value="C:\Users\DRE\Desktop\sts-4.26.0.RELEASE\plugins\org.eclipse.justj.openjdk.hotspot.jre.full.win32.x86_64_21.0.4.v20240802-1551\jre\bin"/>
    <property name="sun.java.command" value="C:\Users\DRE\AppData\Local\Temp\surefire9660034134313496795\surefirebooter-20250211233210813_3.jar C:\Users\DRE\AppData\Local\Temp\surefire9660034134313496795 2025-02-11T23-32-10_257-jvmRun1 surefire-20250211233210813_1tmp surefire_0-20250211233210813_2tmp"/>
    <property name="jdk.debug" value="release"/>
    <property name="surefire.test.class.path" value="C:\Users\DRE\Documents\WebSocketStudy\websocketStudy1\target\test-classes;C:\Users\DRE\Documents\WebSocketStudy\websocketStudy1\target\classes;C:\Users\DRE\.m2\repository\org\springframework\boot\spring-boot-starter-web\3.3.8\spring-boot-starter-web-3.3.8.jar;C:\Users\DRE\.m2\repository\org\springframework\boot\spring-boot-starter\3.3.8\spring-boot-starter-3.3.8.jar;C:\Users\DRE\.m2\repository\org\springframework\boot\spring-boot-starter-logging\3.3.8\spring-boot-starter-logging-3.3.8.jar;C:\Users\DRE\.m2\repository\ch\qos\logback\logback-classic\1.5.16\logback-classic-1.5.16.jar;C:\Users\DRE\.m2\repository\ch\qos\logback\logback-core\1.5.16\logback-core-1.5.16.jar;C:\Users\DRE\.m2\repository\org\apache\logging\log4j\log4j-to-slf4j\2.23.1\log4j-to-slf4j-2.23.1.jar;C:\Users\DRE\.m2\repository\org\apache\logging\log4j\log4j-api\2.23.1\log4j-api-2.23.1.jar;C:\Users\DRE\.m2\repository\org\slf4j\jul-to-slf4j\2.0.16\jul-to-slf4j-2.0.16.jar;C:\Users\DRE\.m2\repository\jakarta\annotation\jakarta.annotation-api\2.1.1\jakarta.annotation-api-2.1.1.jar;C:\Users\DRE\.m2\repository\org\yaml\snakeyaml\2.2\snakeyaml-2.2.jar;C:\Users\DRE\.m2\repository\org\springframework\boot\spring-boot-starter-json\3.3.8\spring-boot-starter-json-3.3.8.jar;C:\Users\DRE\.m2\repository\com\fasterxml\jackson\core\jackson-databind\2.17.3\jackson-databind-2.17.3.jar;C:\Users\DRE\.m2\repository\com\fasterxml\jackson\core\jackson-annotations\2.17.3\jackson-annotations-2.17.3.jar;C:\Users\DRE\.m2\repository\com\fasterxml\jackson\core\jackson-core\2.17.3\jackson-core-2.17.3.jar;C:\Users\DRE\.m2\repository\com\fasterxml\jackson\datatype\jackson-datatype-jdk8\2.17.3\jackson-datatype-jdk8-2.17.3.jar;C:\Users\DRE\.m2\repository\com\fasterxml\jackson\datatype\jackson-datatype-jsr310\2.17.3\jackson-datatype-jsr310-2.17.3.jar;C:\Users\DRE\.m2\repository\com\fasterxml\jackson\module\jackson-module-parameter-names\2.17.3\jackson-module-parameter-names-2.17.3.jar;C:\Users\DRE\.m2\repository\org\springframework\boot\spring-boot-starter-tomcat\3.3.8\spring-boot-starter-tomcat-3.3.8.jar;C:\Users\DRE\.m2\repository\org\apache\tomcat\embed\tomcat-embed-core\10.1.34\tomcat-embed-core-10.1.34.jar;C:\Users\DRE\.m2\repository\org\apache\tomcat\embed\tomcat-embed-el\10.1.34\tomcat-embed-el-10.1.34.jar;C:\Users\DRE\.m2\repository\org\apache\tomcat\embed\tomcat-embed-websocket\10.1.34\tomcat-embed-websocket-10.1.34.jar;C:\Users\DRE\.m2\repository\org\springframework\spring-web\6.1.16\spring-web-6.1.16.jar;C:\Users\DRE\.m2\repository\org\springframework\spring-beans\6.1.16\spring-beans-6.1.16.jar;C:\Users\DRE\.m2\repository\io\micrometer\micrometer-observation\1.13.10\micrometer-observation-1.13.10.jar;C:\Users\DRE\.m2\repository\io\micrometer\micrometer-commons\1.13.10\micrometer-commons-1.13.10.jar;C:\Users\DRE\.m2\repository\org\springframework\spring-webmvc\6.1.16\spring-webmvc-6.1.16.jar;C:\Users\DRE\.m2\repository\org\springframework\spring-aop\6.1.16\spring-aop-6.1.16.jar;C:\Users\DRE\.m2\repository\org\springframework\spring-context\6.1.16\spring-context-6.1.16.jar;C:\Users\DRE\.m2\repository\org\springframework\spring-expression\6.1.16\spring-expression-6.1.16.jar;C:\Users\DRE\.m2\repository\org\springframework\boot\spring-boot-starter-websocket\3.3.8\spring-boot-starter-websocket-3.3.8.jar;C:\Users\DRE\.m2\repository\org\springframework\spring-messaging\6.1.16\spring-messaging-6.1.16.jar;C:\Users\DRE\.m2\repository\org\springframework\spring-websocket\6.1.16\spring-websocket-6.1.16.jar;C:\Users\DRE\.m2\repository\org\springframework\boot\spring-boot-devtools\3.3.8\spring-boot-devtools-3.3.8.jar;C:\Users\DRE\.m2\repository\org\springframework\boot\spring-boot\3.3.8\spring-boot-3.3.8.jar;C:\Users\DRE\.m2\repository\org\springframework\boot\spring-boot-autoconfigure\3.3.8\spring-boot-autoconfigure-3.3.8.jar;C:\Users\DRE\.m2\repository\org\springframework\boot\spring-boot-starter-test\3.3.8\spring-boot-starter-test-3.3.8.jar;C:\Users\DRE\.m2\repository\org\springframework\boot\spring-boot-test\3.3.8\spring-boot-test-3.3.8.jar;C:\Users\DRE\.m2\repository\org\springframework\boot\spring-boot-test-autoconfigure\3.3.8\spring-boot-test-autoconfigure-3.3.8.jar;C:\Users\DRE\.m2\repository\com\jayway\jsonpath\json-path\2.9.0\json-path-2.9.0.jar;C:\Users\DRE\.m2\repository\org\slf4j\slf4j-api\2.0.16\slf4j-api-2.0.16.jar;C:\Users\DRE\.m2\repository\jakarta\xml\bind\jakarta.xml.bind-api\4.0.2\jakarta.xml.bind-api-4.0.2.jar;C:\Users\DRE\.m2\repository\jakarta\activation\jakarta.activation-api\2.1.3\jakarta.activation-api-2.1.3.jar;C:\Users\DRE\.m2\repository\net\minidev\json-smart\2.5.1\json-smart-2.5.1.jar;C:\Users\DRE\.m2\repository\net\minidev\accessors-smart\2.5.1\accessors-smart-2.5.1.jar;C:\Users\DRE\.m2\repository\org\ow2\asm\asm\9.6\asm-9.6.jar;C:\Users\DRE\.m2\repository\org\assertj\assertj-core\3.25.3\assertj-core-3.25.3.jar;C:\Users\DRE\.m2\repository\net\bytebuddy\byte-buddy\1.14.19\byte-buddy-1.14.19.jar;C:\Users\DRE\.m2\repository\org\awaitility\awaitility\4.2.2\awaitility-4.2.2.jar;C:\Users\DRE\.m2\repository\org\hamcrest\hamcrest\2.2\hamcrest-2.2.jar;C:\Users\DRE\.m2\repository\org\junit\jupiter\junit-jupiter\5.10.5\junit-jupiter-5.10.5.jar;C:\Users\DRE\.m2\repository\org\junit\jupiter\junit-jupiter-api\5.10.5\junit-jupiter-api-5.10.5.jar;C:\Users\DRE\.m2\repository\org\opentest4j\opentest4j\1.3.0\opentest4j-1.3.0.jar;C:\Users\DRE\.m2\repository\org\junit\platform\junit-platform-commons\1.10.5\junit-platform-commons-1.10.5.jar;C:\Users\DRE\.m2\repository\org\apiguardian\apiguardian-api\1.1.2\apiguardian-api-1.1.2.jar;C:\Users\DRE\.m2\repository\org\junit\jupiter\junit-jupiter-params\5.10.5\junit-jupiter-params-5.10.5.jar;C:\Users\DRE\.m2\repository\org\junit\jupiter\junit-jupiter-engine\5.10.5\junit-jupiter-engine-5.10.5.jar;C:\Users\DRE\.m2\repository\org\junit\platform\junit-platform-engine\1.10.5\junit-platform-engine-1.10.5.jar;C:\Users\DRE\.m2\repository\org\mockito\mockito-core\5.11.0\mockito-core-5.11.0.jar;C:\Users\DRE\.m2\repository\net\bytebuddy\byte-buddy-agent\1.14.19\byte-buddy-agent-1.14.19.jar;C:\Users\DRE\.m2\repository\org\objenesis\objenesis\3.3\objenesis-3.3.jar;C:\Users\DRE\.m2\repository\org\mockito\mockito-junit-jupiter\5.11.0\mockito-junit-jupiter-5.11.0.jar;C:\Users\DRE\.m2\repository\org\skyscreamer\jsonassert\1.5.3\jsonassert-1.5.3.jar;C:\Users\DRE\.m2\repository\com\vaadin\external\google\android-json\0.0.20131108.vaadin1\android-json-0.0.20131108.vaadin1.jar;C:\Users\DRE\.m2\repository\org\springframework\spring-core\6.1.16\spring-core-6.1.16.jar;C:\Users\DRE\.m2\repository\org\springframework\spring-jcl\6.1.16\spring-jcl-6.1.16.jar;C:\Users\DRE\.m2\repository\org\springframework\spring-test\6.1.16\spring-test-6.1.16.jar;C:\Users\DRE\.m2\repository\org\xmlunit\xmlunit-core\2.9.1\xmlunit-core-2.9.1.jar;"/>
    <property name="sun.cpu.endian" value="little"/>
    <property name="user.home" value="C:\Users\DRE"/>
    <property name="user.language" value="en"/>
    <property name="java.specification.vendor" value="Oracle Corporation"/>
    <property name="java.version.date" value="2024-07-16"/>
    <property name="java.home" value="C:\Users\DRE\Desktop\sts-4.26.0.RELEASE\plugins\org.eclipse.justj.openjdk.hotspot.jre.full.win32.x86_64_21.0.4.v20240802-1551\jre"/>
    <property name="file.separator" value="\"/>
    <property name="basedir" value="C:\Users\DRE\Documents\WebSocketStudy\websocketStudy1"/>
    <property name="style.color" value="always"/>
    <property name="java.vm.compressedOopsMode" value="32-bit"/>
    <property name="line.separator" value="&#10;"/>
    <property name="java.vm.specification.vendor" value="Oracle Corporation"/>
    <property name="java.specification.name" value="Java Platform API Specification"/>
    <property name="FILE_LOG_CHARSET" value="UTF-8"/>
    <property name="java.awt.headless" value="true"/>
    <property name="surefire.real.class.path" value="C:\Users\DRE\AppData\Local\Temp\surefire9660034134313496795\surefirebooter-20250211233210813_3.jar"/>
    <property name="user.script" value=""/>
    <property name="sun.management.compiler" value="HotSpot 64-Bit Tiered Compilers"/>
    <property name="java.runtime.version" value="21.0.4+7-LTS"/>
    <property name="user.name" value="DRE"/>
    <property name="stdout.encoding" value="Cp1252"/>
    <property name="path.separator" value=";"/>
    <property name="os.version" value="10.0"/>
    <property name="java.runtime.name" value="OpenJDK Runtime Environment"/>
    <property name="file.encoding" value="UTF-8"/>
    <property name="java.vm.name" value="OpenJDK 64-Bit Server VM"/>
    <property name="java.vendor.version" value="Temurin-21.0.4+7"/>
    <property name="localRepository" value="C:\Users\DRE\.m2\repository"/>
    <property name="java.vendor.url.bug" value="https://github.com/adoptium/adoptium-support/issues"/>
    <property name="java.io.tmpdir" value="C:\Users\DRE\AppData\Local\Temp\"/>
    <property name="java.version" value="21.0.4"/>
    <property name="user.dir" value="C:\Users\DRE\Documents\WebSocketStudy\websocketStudy1"/>
    <property name="os.arch" value="amd64"/>
    <property name="java.vm.specification.name" value="Java Virtual Machine Specification"/>
    <property name="PID" value="14204"/>
    <property name="sun.os.patch.level" value=""/>
    <property name="CONSOLE_LOG_CHARSET" value="UTF-8"/>
    <property name="native.encoding" value="Cp1252"/>
    <property name="java.library.path" value="C:\Users\DRE\Desktop\sts-4.26.0.RELEASE\plugins\org.eclipse.justj.openjdk.hotspot.jre.full.win32.x86_64_21.0.4.v20240802-1551\jre\bin;C:\WINDOWS\Sun\Java\bin;C:\WINDOWS\system32;C:\WINDOWS;C:/Users/DRE/Desktop/sts-4.26.0.RELEASE//plugins/org.eclipse.justj.openjdk.hotspot.jre.full.win32.x86_64_21.0.4.v20240802-1551/jre/bin/server;C:/Users/DRE/Desktop/sts-4.26.0.RELEASE//plugins/org.eclipse.justj.openjdk.hotspot.jre.full.win32.x86_64_21.0.4.v20240802-1551/jre/bin;C:\Program Files\Common Files\Oracle\Java\javapath;C:\Program Files (x86)\Common Files\Oracle\Java\java8path;C:\Program Files (x86)\Common Files\Oracle\Java\javapath;C:\WINDOWS\system32;C:\WINDOWS;C:\WINDOWS\System32\Wbem;C:\WINDOWS\System32\WindowsPowerShell\v1.0\;C:\WINDOWS\System32\OpenSSH\;C:\Program Files\Common Files\Autodesk Shared\;C:\Windows.old\Users\Public\Downloads\QTSystem\;C:\Users\DRE\Documents\jdk-21.0.1\bin;C:\Users\DRE\Downloads\processing-3.5.4-windows64\processing-3.5.4;C:\Users\DRE\Downloads\jdk-21.0.1\bin;C:\Program Files\nodejs\;C:\Program Files\Git\cmd;C:\Users\DRE\Downloads\jdk-23.0.1\bin;C:\Program Files\dotnet\;C:\Program Files\MySQL\MySQL Shell 8.0\bin\;C:\Users\DRE\AppData\Local\Programs\Python\Python311\Scripts\;C:\Users\DRE\AppData\Local\Programs\Python\Python311\;C:\Users\DRE\AppData\Local\Microsoft\WindowsApps;C:\Users\DRE\AppData\Local\Programs\Microsoft VS Code\bin;C:\Users\DRE\AppData\Roaming\npm;C:\Users\DRE\Downloads\apache-maven-3.9.9\bin;;C:\Users\DRE\Desktop\sts-4.26.0.RELEASE;;."/>
    <property name="java.vm.info" value="mixed mode"/>
    <property name="stderr.encoding" value="Cp1252"/>
    <property name="java.vendor" value="Eclipse Adoptium"/>
    <property name="java.vm.version" value="21.0.4+7-LTS"/>
    <property name="sun.io.unicode.encoding" value="UnicodeLittle"/>
    <property name="java.class.version" value="65.0"/>
    <property name="LOGGED_APPLICATION_NAME" value="[websocketStudy1] "/>
  </properties>
  <testcase name="contextLoads" classname="com.example.demo.WebsocketStudy1ApplicationTests" time="4.015">
    <system-out><![CDATA[23:32:16.060 [main] INFO org.springframework.test.context.support.AnnotationConfigContextLoaderUtils -- Could not detect default configuration classes for test class [com.example.demo.WebsocketStudy1ApplicationTests]: WebsocketStudy1ApplicationTests does not declare any static, non-private, non-final, nested classes annotated with @Configuration.
23:32:16.649 [main] INFO org.springframework.boot.test.context.SpringBootTestContextBootstrapper -- Found @SpringBootConfiguration com.example.demo.WebsocketStudy1Application for test class com.example.demo.WebsocketStudy1ApplicationTests
23:32:17.667 [main] INFO org.springframework.boot.devtools.restart.RestartApplicationListener -- Restart disabled due to context in which it is running

  .   ____          _            __ _ _
 /\\ / ___'_ __ _ _(_)_ __  __ _ \ \ \ \
( ( )\___ | '_ | '_| | '_ \/ _` | \ \ \ \
 \\/  ___)| |_)| | | | | || (_| |  ) ) ) )
  '  |____| .__|_| |_|_| |_\__, | / / / /
 =========|_|==============|___/=/_/_/_/

 :: Spring Boot ::                (v3.3.8)

2025-02-11T23:32:18.908+01:00  INFO 14204 --- [websocketStudy1] [           main] c.e.d.WebsocketStudy1ApplicationTests    : Starting WebsocketStudy1ApplicationTests using Java 21.0.4 with PID 14204 (started by DRE in C:\Users\DRE\Documents\WebSocketStudy\websocketStudy1)
2025-02-11T23:32:18.911+01:00  INFO 14204 --- [websocketStudy1] [           main] c.e.d.WebsocketStudy1ApplicationTests    : No active profile set, falling back to 1 default profile: "default"
2025-02-11T23:32:23.030+01:00  INFO 14204 --- [websocketStudy1] [           main] c.e.d.WebsocketStudy1ApplicationTests    : Started WebsocketStudy1ApplicationTests in 5.421 seconds (process running for 11.394)
]]></system-out>
    <system-err><![CDATA[WARNING: A Java agent has been loaded dynamically (C:\Users\DRE\.m2\repository\net\bytebuddy\byte-buddy-agent\1.14.19\byte-buddy-agent-1.14.19.jar)
WARNING: If a serviceability tool is in use, please run with -XX:+EnableDynamicAgentLoading to hide this warning
WARNING: If a serviceability tool is not in use, please run with -Djdk.instrument.traceUsage for more information
WARNING: Dynamic loading of agents will be disallowed by default in a future release
]]></system-err>
  </testcase>
</testsuite>